Running in Lattice mode


Starting:    C:\lscc\iCEcube2.2017.08\synpbase\bin64\mbin\synbatch.exe
Install:     C:\lscc\iCEcube2.2017.08\synpbase
Hostname:    RYZENBUILD
Date:        Sat Aug 08 19:42:18 2020
Version:     L-2016.09L+ice40

Arguments:   -product synplify_pro -batch falling_edge_with_debounce_syn.prj
ProductType: synplify_pro





log file: "F:\go_board\projects\falling_edge\synthesis\falling_edge_with_debounce\falling_edge_with_debounce_Implmnt\falling_edge_with_debounce.srr"
Running: falling_edge_with_debounce_Implmnt in foreground

Running falling_edge_with_debounce_syn|falling_edge_with_debounce_Implmnt

Running: compile (Compile) on falling_edge_with_debounce_syn|falling_edge_with_debounce_Implmnt
# Sat Aug 08 19:42:18 2020

Running: compile_flow (Compile Process) on falling_edge_with_debounce_syn|falling_edge_with_debounce_Implmnt
# Sat Aug 08 19:42:18 2020

Running: compiler (Compile Input) on falling_edge_with_debounce_syn|falling_edge_with_debounce_Implmnt
# Sat Aug 08 19:42:18 2020
Copied F:\go_board\projects\falling_edge\synthesis\falling_edge_with_debounce\falling_edge_with_debounce_Implmnt\synwork\falling_edge_with_debounce_comp.srs to F:\go_board\projects\falling_edge\synthesis\falling_edge_with_debounce\falling_edge_with_debounce_Implmnt\falling_edge_with_debounce.srs

compiler completed
# Sat Aug 08 19:42:20 2020

Return Code: 0
Run Time:00h:00m:02s

Running: multi_srs_gen (Multi-srs Generator) on falling_edge_with_debounce_syn|falling_edge_with_debounce_Implmnt
# Sat Aug 08 19:42:20 2020

multi_srs_gen completed
# Sat Aug 08 19:42:20 2020

Return Code: 0
Run Time:00h:00m:00s
Copied F:\go_board\projects\falling_edge\synthesis\falling_edge_with_debounce\falling_edge_with_debounce_Implmnt\synwork\falling_edge_with_debounce_mult.srs to F:\go_board\projects\falling_edge\synthesis\falling_edge_with_debounce\falling_edge_with_debounce_Implmnt\falling_edge_with_debounce.srs
Complete: Compile Process on falling_edge_with_debounce_syn|falling_edge_with_debounce_Implmnt

Running: premap (Pre-mapping) on falling_edge_with_debounce_syn|falling_edge_with_debounce_Implmnt
# Sat Aug 08 19:42:20 2020

premap completed
# Sat Aug 08 19:42:21 2020

Return Code: 0
Run Time:00h:00m:01s
Complete: Compile on falling_edge_with_debounce_syn|falling_edge_with_debounce_Implmnt

Running: map (Map) on falling_edge_with_debounce_syn|falling_edge_with_debounce_Implmnt
# Sat Aug 08 19:42:21 2020
License granted for 4 parallel jobs

Running: fpga_mapper (Map & Optimize) on falling_edge_with_debounce_syn|falling_edge_with_debounce_Implmnt
# Sat Aug 08 19:42:21 2020
Copied F:\go_board\projects\falling_edge\synthesis\falling_edge_with_debounce\falling_edge_with_debounce_Implmnt\synwork\falling_edge_with_debounce_m.srm to F:\go_board\projects\falling_edge\synthesis\falling_edge_with_debounce\falling_edge_with_debounce_Implmnt\falling_edge_with_debounce.srm

fpga_mapper completed with warnings
# Sat Aug 08 19:42:22 2020

Return Code: 1
Run Time:00h:00m:01s
Complete: Map on falling_edge_with_debounce_syn|falling_edge_with_debounce_Implmnt
Complete: Logic Synthesis on falling_edge_with_debounce_syn|falling_edge_with_debounce_Implmnt

exit status=0

exit status=0

